c:\git\vivid3dcpp\project\libs\trinityengine\x64\debug\trinityengine.pch
c:\git\vivid3dcpp\project\libs\trinityengine\x64\debug\trinityengine.pdb
c:\git\vivid3dcpp\project\libs\trinityengine\x64\debug\trinityengine.idb
c:\git\vivid3dcpp\project\libs\trinityengine\x64\debug\pch.obj
c:\git\vivid3dcpp\project\libs\trinityengine\x64\debug\idraw.obj
c:\git\vivid3dcpp\project\libs\trinityengine\x64\debug\horizontalsplittercontrol.obj
c:\git\vivid3dcpp\project\libs\trinityengine\x64\debug\horizontalslidercontrol.obj
c:\git\vivid3dcpp\project\libs\trinityengine\x64\debug\framebuffercontrol.obj
c:\git\vivid3dcpp\project\libs\trinityengine\x64\debug\filerequestorcontrol.obj
c:\git\vivid3dcpp\project\libs\trinityengine\x64\debug\fxsoftparticle2d.obj
c:\git\vivid3dcpp\project\libs\trinityengine\x64\debug\fxshadow2d.obj
c:\git\vivid3dcpp\project\libs\trinityengine\x64\debug\fxpreshadow2d.obj
c:\git\vivid3dcpp\project\libs\trinityengine\x64\debug\fxlightmap2d.obj
c:\git\vivid3dcpp\project\libs\trinityengine\x64\debug\fxlight2d.obj
c:\git\vivid3dcpp\project\libs\trinityengine\x64\debug\fximagedraw.obj
c:\git\vivid3dcpp\project\libs\trinityengine\x64\debug\engglobal.obj
c:\git\vivid3dcpp\project\libs\trinityengine\x64\debug\controlinput.obj
c:\git\vivid3dcpp\project\libs\trinityengine\x64\debug\climageprocessor.obj
c:\git\vivid3dcpp\project\libs\trinityengine\x64\debug\buttoncontrol.obj
c:\git\vivid3dcpp\project\libs\trinityengine\x64\debug\boolcontrol.obj
c:\git\vivid3dcpp\project\libs\trinityengine\x64\debug\application.obj
c:\git\vivid3dcpp\project\libs\trinityengine\x64\debug\appstate.obj
c:\git\vivid3dcpp\project\libs\trinityengine\x64\debug\aistate.obj
c:\git\vivid3dcpp\project\libs\trinityengine\x64\debug\aifsm.obj
c:\git\vivid3dcpp\project\libs\trinityengine\x64\debug\soundchannel.obj
c:\git\vivid3dcpp\project\libs\trinityengine\x64\debug\shadowbaker.obj
c:\git\vivid3dcpp\project\libs\trinityengine\x64\debug\particlesystem.obj
c:\git\vivid3dcpp\project\libs\trinityengine\x64\debug\particlebase.obj
c:\git\vivid3dcpp\project\libs\trinityengine\x64\debug\numericcontrol.obj
c:\git\vivid3dcpp\project\libs\trinityengine\x64\debug\nodeserver.obj
c:\git\vivid3dcpp\project\libs\trinityengine\x64\debug\mesh2d.obj
c:\git\vivid3dcpp\project\libs\trinityengine\x64\debug\maptile.obj
c:\git\vivid3dcpp\project\libs\trinityengine\x64\debug\mapsprite.obj
c:\git\vivid3dcpp\project\libs\trinityengine\x64\debug\maprenderer.obj
c:\git\vivid3dcpp\project\libs\trinityengine\x64\debug\mapnode.obj
c:\git\vivid3dcpp\project\libs\trinityengine\x64\debug\maplight.obj
c:\git\vivid3dcpp\project\libs\trinityengine\x64\debug\mapeditcontrol.obj
c:\git\vivid3dcpp\project\libs\trinityengine\x64\debug\mapdecal.obj
c:\git\vivid3dcpp\project\libs\trinityengine\x64\debug\map.obj
c:\git\vivid3dcpp\project\libs\trinityengine\x64\debug\mainmenucontrol.obj
c:\git\vivid3dcpp\project\libs\trinityengine\x64\debug\listcontrol.obj
c:\git\vivid3dcpp\project\libs\trinityengine\x64\debug\labelcontrol.obj
c:\git\vivid3dcpp\project\libs\trinityengine\x64\debug\lscript.obj
c:\git\vivid3dcpp\project\libs\trinityengine\x64\debug\imagecontrol.obj
c:\git\vivid3dcpp\project\libs\trinityengine\x64\debug\vlist.obj
c:\git\vivid3dcpp\project\libs\trinityengine\x64\debug\vfile.obj
c:\git\vivid3dcpp\project\libs\trinityengine\x64\debug\utils.obj
c:\git\vivid3dcpp\project\libs\trinityengine\x64\debug\uitheme_neon.obj
c:\git\vivid3dcpp\project\libs\trinityengine\x64\debug\uitheme.obj
c:\git\vivid3dcpp\project\libs\trinityengine\x64\debug\uifont.obj
c:\git\vivid3dcpp\project\libs\trinityengine\x64\debug\uieventclick.obj
c:\git\vivid3dcpp\project\libs\trinityengine\x64\debug\uievent.obj
c:\git\vivid3dcpp\project\libs\trinityengine\x64\debug\uicontrol.obj
c:\git\vivid3dcpp\project\libs\trinityengine\x64\debug\ui.obj
c:\git\vivid3dcpp\project\libs\trinityengine\x64\debug\trinityengine.obj
c:\git\vivid3dcpp\project\libs\trinityengine\x64\debug\treeviewcontrol.obj
c:\git\vivid3dcpp\project\libs\trinityengine\x64\debug\treeitem.obj
c:\git\vivid3dcpp\project\libs\trinityengine\x64\debug\toolscontrol.obj
c:\git\vivid3dcpp\project\libs\trinityengine\x64\debug\texture2d.obj
c:\git\vivid3dcpp\project\libs\trinityengine\x64\debug\textboxcontrol.obj
c:\git\vivid3dcpp\project\libs\trinityengine\x64\debug\tmaths.obj
c:\git\vivid3dcpp\project\libs\trinityengine\x64\debug\spriteanim.obj
c:\git\vivid3dcpp\project\libs\trinityengine\x64\debug\soundsource.obj
c:\git\vivid3dcpp\project\libs\trinityengine\x64\debug\soundengine.obj
c:\git\vivid3dcpp\project\libs\trinityengine\x64\debug\strings.obj
c:\git\vivid3dcpp\project\libs\trinityengine\x64\debug\kframebuffer.obj
c:\git\vivid3dcpp\project\libs\trinityengine\x64\debug\kfont.obj
c:\git\vivid3dcpp\project\libs\trinityengine\x64\debug\keffect.obj
c:\git\vivid3dcpp\project\libs\trinityengine\x64\debug\windowcontrol.obj
c:\git\vivid3dcpp\project\libs\trinityengine\x64\debug\virtualfilesystem.obj
c:\git\vivid3dcpp\project\libs\trinityengine\x64\debug\virtualfile.obj
c:\git\vivid3dcpp\project\libs\trinityengine\x64\debug\videoplayercontrol.obj
c:\git\vivid3dcpp\project\libs\trinityengine\x64\debug\verticalsrollercontrol.obj
c:\git\vivid3dcpp\project\libs\trinityengine\x64\debug\verticalsplittercontrol.obj
c:\git\vivid3dcpp\project\libs\trinityengine\x64\debug\vstring.obj
c:\git\vivid3dcpp\project\libs\trinityengine\x64\debug\avcodec-58.dll
c:\git\vivid3dcpp\project\libs\trinityengine\x64\debug\avdevice-58.dll
c:\git\vivid3dcpp\project\libs\trinityengine\x64\debug\avfilter-7.dll
c:\git\vivid3dcpp\project\libs\trinityengine\x64\debug\avformat-58.dll
c:\git\vivid3dcpp\project\libs\trinityengine\x64\debug\avutil-56.dll
c:\git\vivid3dcpp\project\libs\trinityengine\x64\debug\postproc-55.dll
c:\git\vivid3dcpp\project\libs\trinityengine\x64\debug\swresample-3.dll
c:\git\vivid3dcpp\project\libs\trinityengine\x64\debug\swscale-5.dll
c:\git\vivid3dcpp\project\libs\trinityengine\x64\debug\trinityengine.lib
c:\git\vivid3dcpp\project\libs\trinityengine\x64\debug\scopenine.ilk
c:\git\vivid3dcpp\project\libs\trinityengine\x64\debug\tileseteditor.ilk
c:\git\vivid3dcpp\project\libs\trinityengine\x64\debug\vivid3deditor.ilk
c:\git\vivid3dcpp\project\libs\trinityengine\x64\debug\scopenine.pdb
c:\git\vivid3dcpp\project\libs\trinityengine\x64\debug\tileseteditor.pdb
c:\git\vivid3dcpp\project\libs\trinityengine\x64\debug\vivid3deditor.pdb
c:\git\vivid3dcpp\project\libs\trinityengine\x64\debug\trinityengine.tlog\cl.command.1.tlog
c:\git\vivid3dcpp\project\libs\trinityengine\x64\debug\trinityengine.tlog\cl.read.1.tlog
c:\git\vivid3dcpp\project\libs\trinityengine\x64\debug\trinityengine.tlog\cl.write.1.tlog
c:\git\vivid3dcpp\project\libs\trinityengine\x64\debug\trinityengine.tlog\copylocal.read.1u.tlog
c:\git\vivid3dcpp\project\libs\trinityengine\x64\debug\trinityengine.tlog\copylocal.write.1u.tlog
c:\git\vivid3dcpp\project\libs\trinityengine\x64\debug\trinityengine.tlog\lib-link.read.1.tlog
c:\git\vivid3dcpp\project\libs\trinityengine\x64\debug\trinityengine.tlog\lib-link.write.1.tlog
c:\git\vivid3dcpp\project\libs\trinityengine\x64\debug\trinityengine.tlog\lib.command.1.tlog
