c:\git\vivid3dcpp\project\apps\tileseteditor\tileseteditor\x64\debug\vc142.pdb
c:\git\vivid3dcpp\project\apps\tileseteditor\tileseteditor\x64\debug\vc142.idb
c:\git\vivid3dcpp\project\apps\tileseteditor\tileseteditor\x64\debug\tileseteditor.obj
c:\git\vivid3dcpp\project\apps\tileseteditor\tileseteditor\x64\debug\tilesetapp.obj
c:\git\vivid3dcpp\project\apps\tileseteditor\tileseteditor\x64\debug\tileeditorcontrol.obj
c:\git\vivid3dcpp\project\apps\tileseteditor\tileseteditor\x64\debug\mapgizmo.obj
c:\git\vivid3dcpp\project\apps\tileseteditor\tileseteditor\x64\debug\imagedropcontrol.obj
c:\git\vivid3dcpp\project\apps\tileseteditor\tileseteditor\x64\debug\editorglobal.obj
c:\git\vivid3dcpp\project\apps\tileseteditor\tileseteditor\x64\debug\contentitem.obj
c:\git\vivid3dcpp\project\apps\tileseteditor\tileseteditor\x64\debug\contentbrowsercontrol.obj
c:\git\vivid3dcpp\project\apps\tileseteditor\tileseteditor\x64\debug\bakemapwin.obj
c:\git\vivid3dcpp\project\libs\trinityengine\x64\debug\avcodec-58.dll
c:\git\vivid3dcpp\project\libs\trinityengine\x64\debug\avdevice-58.dll
c:\git\vivid3dcpp\project\libs\trinityengine\x64\debug\avfilter-7.dll
c:\git\vivid3dcpp\project\libs\trinityengine\x64\debug\avformat-58.dll
c:\git\vivid3dcpp\project\libs\trinityengine\x64\debug\avutil-56.dll
c:\git\vivid3dcpp\project\libs\trinityengine\x64\debug\postproc-55.dll
c:\git\vivid3dcpp\project\libs\trinityengine\x64\debug\swresample-3.dll
c:\git\vivid3dcpp\project\libs\trinityengine\x64\debug\swscale-5.dll
c:\git\vivid3dcpp\project\libs\trinityengine\x64\debug\tileseteditor.ilk
c:\git\vivid3dcpp\project\libs\trinityengine\x64\debug\tileseteditor.exe
c:\git\vivid3dcpp\project\libs\trinityengine\x64\debug\tileseteditor.pdb
c:\git\vivid3dcpp\project\apps\tileseteditor\tileseteditor\x64\debug\tileseteditor.tlog\cl.command.1.tlog
c:\git\vivid3dcpp\project\apps\tileseteditor\tileseteditor\x64\debug\tileseteditor.tlog\cl.read.1.tlog
c:\git\vivid3dcpp\project\apps\tileseteditor\tileseteditor\x64\debug\tileseteditor.tlog\cl.write.1.tlog
c:\git\vivid3dcpp\project\apps\tileseteditor\tileseteditor\x64\debug\tileseteditor.tlog\copylocal.read.1u.tlog
c:\git\vivid3dcpp\project\apps\tileseteditor\tileseteditor\x64\debug\tileseteditor.tlog\copylocal.write.1u.tlog
c:\git\vivid3dcpp\project\apps\tileseteditor\tileseteditor\x64\debug\tileseteditor.tlog\link.command.1.tlog
c:\git\vivid3dcpp\project\apps\tileseteditor\tileseteditor\x64\debug\tileseteditor.tlog\link.read.1.tlog
c:\git\vivid3dcpp\project\apps\tileseteditor\tileseteditor\x64\debug\tileseteditor.tlog\link.write.1.tlog
