c:\git\vivid3dcpp\project\tools\vivid3deditor\vivid3deditor\x64\release\vc142.pdb
c:\git\vivid3dcpp\project\tools\vivid3deditor\vivid3deditor\x64\release\vivid3deditor.obj
c:\git\vivid3dcpp\project\tools\vivid3deditor\vivid3deditor\x64\release\vivid3dapp.obj
c:\git\vivid3dcpp\project\tools\vivid3deditor\vivid3deditor\x64\release\scenetreeview.obj
c:\git\vivid3dcpp\project\tools\vivid3deditor\vivid3deditor\x64\release\scenesplit.obj
c:\git\vivid3dcpp\project\tools\vivid3deditor\vivid3deditor\x64\release\maineditorstate.obj
c:\git\vivid3dcpp\project\tools\vivid3deditor\vivid3deditor\x64\release\editortoolbar.obj
c:\git\vivid3dcpp\project\tools\vivid3deditor\vivid3deditor\x64\release\editorthirdsplit.obj
c:\git\vivid3dcpp\project\tools\vivid3deditor\vivid3deditor\x64\release\editorsecondsplit.obj
c:\git\vivid3dcpp\project\tools\vivid3deditor\vivid3deditor\x64\release\editorsceneview.obj
c:\git\vivid3dcpp\project\tools\vivid3deditor\vivid3deditor\x64\release\editormainsplit.obj
c:\git\vivid3dcpp\project\tools\vivid3deditor\vivid3deditor\x64\release\editormainmenu.obj
c:\git\vivid3dcpp\project\tools\vivid3deditor\vivid3deditor\x64\release\editorglobal.obj
c:\git\vivid3dcpp\project\tools\vivid3deditor\vivid3deditor\x64\release\editorcontentbrowser.obj
c:\git\vivid3dcpp\project\libs\trinityengine\x64\release\vivid3deditor.exe
c:\git\vivid3dcpp\project\tools\vivid3deditor\vivid3deditor\x64\release\vivid3deditor.ipdb
c:\git\vivid3dcpp\project\tools\vivid3deditor\vivid3deditor\x64\release\vivid3deditor.iobj
c:\git\vivid3dcpp\project\libs\trinityengine\x64\release\vivid3deditor.pdb
c:\git\vivid3dcpp\project\libs\trinityengine\x64\release\vivid3deditor.ilk
c:\git\vivid3dcpp\project\tools\vivid3deditor\vivid3deditor\x64\release\vivid3deditor.tlog\cl.command.1.tlog
c:\git\vivid3dcpp\project\tools\vivid3deditor\vivid3deditor\x64\release\vivid3deditor.tlog\cl.read.1.tlog
c:\git\vivid3dcpp\project\tools\vivid3deditor\vivid3deditor\x64\release\vivid3deditor.tlog\cl.write.1.tlog
c:\git\vivid3dcpp\project\tools\vivid3deditor\vivid3deditor\x64\release\vivid3deditor.tlog\link.command.1.tlog
c:\git\vivid3dcpp\project\tools\vivid3deditor\vivid3deditor\x64\release\vivid3deditor.tlog\link.read.1.tlog
c:\git\vivid3dcpp\project\tools\vivid3deditor\vivid3deditor\x64\release\vivid3deditor.tlog\link.write.1.tlog
