c:\git\vivid3dcpp\project\libs\trinityengine\x64\release\trinityengine.pch
c:\git\vivid3dcpp\project\libs\trinityengine\x64\release\trinityengine.pdb
c:\git\vivid3dcpp\project\libs\trinityengine\x64\release\pch.obj
c:\git\vivid3dcpp\project\libs\trinityengine\x64\release\fxpreshadow2d.obj
c:\git\vivid3dcpp\project\libs\trinityengine\x64\release\fxmeshlines.obj
c:\git\vivid3dcpp\project\libs\trinityengine\x64\release\fxmeshflat.obj
c:\git\vivid3dcpp\project\libs\trinityengine\x64\release\fxmeshdepth.obj
c:\git\vivid3dcpp\project\libs\trinityengine\x64\release\fxmesh3d.obj
c:\git\vivid3dcpp\project\libs\trinityengine\x64\release\fxlightmap2d.obj
c:\git\vivid3dcpp\project\libs\trinityengine\x64\release\fxlight2d.obj
c:\git\vivid3dcpp\project\libs\trinityengine\x64\release\fximagedraw.obj
c:\git\vivid3dcpp\project\libs\trinityengine\x64\release\framebuffercube.obj
c:\git\vivid3dcpp\project\libs\trinityengine\x64\release\framebuffercontrol.obj
c:\git\vivid3dcpp\project\libs\trinityengine\x64\release\filerequestorcontrol.obj
c:\git\vivid3dcpp\project\libs\trinityengine\x64\release\engglobal.obj
c:\git\vivid3dcpp\project\libs\trinityengine\x64\release\controlinput.obj
c:\git\vivid3dcpp\project\libs\trinityengine\x64\release\climageprocessor.obj
c:\git\vivid3dcpp\project\libs\trinityengine\x64\release\buttoncontrol.obj
c:\git\vivid3dcpp\project\libs\trinityengine\x64\release\boolcontrol.obj
c:\git\vivid3dcpp\project\libs\trinityengine\x64\release\appstate.obj
c:\git\vivid3dcpp\project\libs\trinityengine\x64\release\application.obj
c:\git\vivid3dcpp\project\libs\trinityengine\x64\release\aistate.obj
c:\git\vivid3dcpp\project\libs\trinityengine\x64\release\aifsm.obj
c:\git\vivid3dcpp\project\libs\trinityengine\x64\release\mapsprite.obj
c:\git\vivid3dcpp\project\libs\trinityengine\x64\release\maprenderer.obj
c:\git\vivid3dcpp\project\libs\trinityengine\x64\release\mapnode.obj
c:\git\vivid3dcpp\project\libs\trinityengine\x64\release\maplight.obj
c:\git\vivid3dcpp\project\libs\trinityengine\x64\release\mapeditcontrol.obj
c:\git\vivid3dcpp\project\libs\trinityengine\x64\release\mapdecal.obj
c:\git\vivid3dcpp\project\libs\trinityengine\x64\release\map.obj
c:\git\vivid3dcpp\project\libs\trinityengine\x64\release\mainmenucontrol.obj
c:\git\vivid3dcpp\project\libs\trinityengine\x64\release\lscript.obj
c:\git\vivid3dcpp\project\libs\trinityengine\x64\release\listcontrol.obj
c:\git\vivid3dcpp\project\libs\trinityengine\x64\release\labelcontrol.obj
c:\git\vivid3dcpp\project\libs\trinityengine\x64\release\kframebuffer.obj
c:\git\vivid3dcpp\project\libs\trinityengine\x64\release\kfont.obj
c:\git\vivid3dcpp\project\libs\trinityengine\x64\release\keffect.obj
c:\git\vivid3dcpp\project\libs\trinityengine\x64\release\imagecontrol.obj
c:\git\vivid3dcpp\project\libs\trinityengine\x64\release\idraw.obj
c:\git\vivid3dcpp\project\libs\trinityengine\x64\release\horizontalsplittercontrol.obj
c:\git\vivid3dcpp\project\libs\trinityengine\x64\release\horizontalslidercontrol.obj
c:\git\vivid3dcpp\project\libs\trinityengine\x64\release\fxsoftparticle2d.obj
c:\git\vivid3dcpp\project\libs\trinityengine\x64\release\fxshadow2d.obj
c:\git\vivid3dcpp\project\libs\trinityengine\x64\release\pythonreturn.obj
c:\git\vivid3dcpp\project\libs\trinityengine\x64\release\pythonobj.obj
c:\git\vivid3dcpp\project\libs\trinityengine\x64\release\pythonmod.obj
c:\git\vivid3dcpp\project\libs\trinityengine\x64\release\pythonfunc.obj
c:\git\vivid3dcpp\project\libs\trinityengine\x64\release\pythonclass.obj
c:\git\vivid3dcpp\project\libs\trinityengine\x64\release\particlesystem.obj
c:\git\vivid3dcpp\project\libs\trinityengine\x64\release\particlebase.obj
c:\git\vivid3dcpp\project\libs\trinityengine\x64\release\numericcontrol.obj
c:\git\vivid3dcpp\project\libs\trinityengine\x64\release\nodeserver.obj
c:\git\vivid3dcpp\project\libs\trinityengine\x64\release\nodelight.obj
c:\git\vivid3dcpp\project\libs\trinityengine\x64\release\nodeentity.obj
c:\git\vivid3dcpp\project\libs\trinityengine\x64\release\nodecam.obj
c:\git\vivid3dcpp\project\libs\trinityengine\x64\release\nodebase.obj
c:\git\vivid3dcpp\project\libs\trinityengine\x64\release\modelimport.obj
c:\git\vivid3dcpp\project\libs\trinityengine\x64\release\meshlines.obj
c:\git\vivid3dcpp\project\libs\trinityengine\x64\release\mesh3d.obj
c:\git\vivid3dcpp\project\libs\trinityengine\x64\release\mesh2d.obj
c:\git\vivid3dcpp\project\libs\trinityengine\x64\release\matrix4.obj
c:\git\vivid3dcpp\project\libs\trinityengine\x64\release\material.obj
c:\git\vivid3dcpp\project\libs\trinityengine\x64\release\maptile.obj
c:\git\vivid3dcpp\project\libs\trinityengine\x64\release\uievent.obj
c:\git\vivid3dcpp\project\libs\trinityengine\x64\release\uicontrol.obj
c:\git\vivid3dcpp\project\libs\trinityengine\x64\release\ui.obj
c:\git\vivid3dcpp\project\libs\trinityengine\x64\release\trinityengine.obj
c:\git\vivid3dcpp\project\libs\trinityengine\x64\release\treeviewcontrol.obj
c:\git\vivid3dcpp\project\libs\trinityengine\x64\release\treeitem.obj
c:\git\vivid3dcpp\project\libs\trinityengine\x64\release\toolscontrol.obj
c:\git\vivid3dcpp\project\libs\trinityengine\x64\release\tmaths.obj
c:\git\vivid3dcpp\project\libs\trinityengine\x64\release\texturecube.obj
c:\git\vivid3dcpp\project\libs\trinityengine\x64\release\texture2d.obj
c:\git\vivid3dcpp\project\libs\trinityengine\x64\release\textboxcontrol.obj
c:\git\vivid3dcpp\project\libs\trinityengine\x64\release\strings.obj
c:\git\vivid3dcpp\project\libs\trinityengine\x64\release\spriteanim.obj
c:\git\vivid3dcpp\project\libs\trinityengine\x64\release\soundsource.obj
c:\git\vivid3dcpp\project\libs\trinityengine\x64\release\soundengine.obj
c:\git\vivid3dcpp\project\libs\trinityengine\x64\release\soundchannel.obj
c:\git\vivid3dcpp\project\libs\trinityengine\x64\release\shadowbaker.obj
c:\git\vivid3dcpp\project\libs\trinityengine\x64\release\scenegraph.obj
c:\git\vivid3dcpp\project\libs\trinityengine\x64\release\pythonsys.obj
c:\git\vivid3dcpp\project\libs\trinityengine\x64\release\pythonscript.obj
c:\git\vivid3dcpp\project\libs\trinityengine\x64\release\windowcontrol.obj
c:\git\vivid3dcpp\project\libs\trinityengine\x64\release\vstring.obj
c:\git\vivid3dcpp\project\libs\trinityengine\x64\release\vlist.obj
c:\git\vivid3dcpp\project\libs\trinityengine\x64\release\virtualfilesystem.obj
c:\git\vivid3dcpp\project\libs\trinityengine\x64\release\virtualfile.obj
c:\git\vivid3dcpp\project\libs\trinityengine\x64\release\videoplayercontrol.obj
c:\git\vivid3dcpp\project\libs\trinityengine\x64\release\vfile.obj
c:\git\vivid3dcpp\project\libs\trinityengine\x64\release\verticalsrollercontrol.obj
c:\git\vivid3dcpp\project\libs\trinityengine\x64\release\verticalsplittercontrol.obj
c:\git\vivid3dcpp\project\libs\trinityengine\x64\release\utils.obj
c:\git\vivid3dcpp\project\libs\trinityengine\x64\release\uitheme_neon.obj
c:\git\vivid3dcpp\project\libs\trinityengine\x64\release\uitheme.obj
c:\git\vivid3dcpp\project\libs\trinityengine\x64\release\uifont.obj
c:\git\vivid3dcpp\project\libs\trinityengine\x64\release\uieventclick.obj
c:\git\vivid3dcpp\project\libs\trinityengine\x64\release\avcodec-58.dll
c:\git\vivid3dcpp\project\libs\trinityengine\x64\release\avdevice-58.dll
c:\git\vivid3dcpp\project\libs\trinityengine\x64\release\avfilter-7.dll
c:\git\vivid3dcpp\project\libs\trinityengine\x64\release\avformat-58.dll
c:\git\vivid3dcpp\project\libs\trinityengine\x64\release\avutil-56.dll
c:\git\vivid3dcpp\project\libs\trinityengine\x64\release\postproc-55.dll
c:\git\vivid3dcpp\project\libs\trinityengine\x64\release\swresample-3.dll
c:\git\vivid3dcpp\project\libs\trinityengine\x64\release\swscale-5.dll
c:\git\vivid3dcpp\project\libs\trinityengine\x64\release\trinityengine.lib
c:\git\vivid3dcpp\project\libs\trinityengine\x64\release\trinityengine.tlog\cl.command.1.tlog
c:\git\vivid3dcpp\project\libs\trinityengine\x64\release\trinityengine.tlog\cl.read.1.tlog
c:\git\vivid3dcpp\project\libs\trinityengine\x64\release\trinityengine.tlog\cl.write.1.tlog
c:\git\vivid3dcpp\project\libs\trinityengine\x64\release\trinityengine.tlog\copylocal.read.1u.tlog
c:\git\vivid3dcpp\project\libs\trinityengine\x64\release\trinityengine.tlog\copylocal.write.1u.tlog
c:\git\vivid3dcpp\project\libs\trinityengine\x64\release\trinityengine.tlog\lib-link.read.1.tlog
c:\git\vivid3dcpp\project\libs\trinityengine\x64\release\trinityengine.tlog\lib-link.write.1.tlog
c:\git\vivid3dcpp\project\libs\trinityengine\x64\release\trinityengine.tlog\lib.command.1.tlog
